

Started GET "/rails/info/properties" for 127.0.0.1 at 2011-03-22 18:32:58 +0200
  Processing by Rails::InfoController#properties as 
  [1m[36mSQL (0.4ms)[0m  [1m SELECT name
 FROM sqlite_master
 WHERE type = 'table' AND NOT name = 'sqlite_sequence'
[0m
Rendered inline template (0.6ms)
Completed 200 OK in 40ms (Views: 1.7ms | ActiveRecord: 0.4ms)
  [1m[36mSQL (0.4ms)[0m  [1m SELECT name
 FROM sqlite_master
 WHERE type = 'table' AND NOT name = 'sqlite_sequence'
[0m
  [1m[35mSQL (0.2ms)[0m  select sqlite_version(*)
  [1m[36mSQL (4.2ms)[0m  [1mCREATE TABLE "schema_migrations" ("version" varchar(255) NOT NULL) [0m
  [1m[35mSQL (0.1ms)[0m  PRAGMA index_list("schema_migrations")
  [1m[36mSQL (2.3ms)[0m  [1mCREATE UNIQUE INDEX "unique_schema_migrations" ON "schema_migrations" ("version")[0m
  [1m[35mSQL (0.2ms)[0m   SELECT name
 FROM sqlite_master
 WHERE type = 'table' AND NOT name = 'sqlite_sequence'
  [1m[36mSQL (0.1ms)[0m  [1m SELECT name
 FROM sqlite_master
 WHERE type = 'table' AND NOT name = 'sqlite_sequence'
[0m
  [1m[35mSQL (0.1ms)[0m  SELECT "schema_migrations"."version" FROM "schema_migrations"
Migrating to CreateUsers (20110323161503)
  [1m[36mSQL (0.6ms)[0m  [1mCREATE TABLE "users" ("id" INTEGER PRIMARY KEY AUTOINCREMENT NOT NULL, "name" varchar(255), "email" varchar(255), "created_at" datetime, "updated_at" datetime) [0m
  [1m[35mSQL (0.2ms)[0m  INSERT INTO "schema_migrations" ("version") VALUES ('20110323161503')
  [1m[36mSQL (0.3ms)[0m  [1m SELECT name
 FROM sqlite_master
 WHERE type = 'table' AND NOT name = 'sqlite_sequence'
[0m
  [1m[35mSQL (0.1ms)[0m  SELECT "schema_migrations"."version" FROM "schema_migrations"
  [1m[36mSQL (0.1ms)[0m  [1m SELECT name
 FROM sqlite_master
 WHERE type = 'table' AND NOT name = 'sqlite_sequence'
[0m
  [1m[35mSQL (0.0ms)[0m  PRAGMA index_list("users")
  [1m[36mSQL (0.6ms)[0m  [1m SELECT name
 FROM sqlite_master
 WHERE type = 'table' AND NOT name = 'sqlite_sequence'
[0m
  [1m[35mSQL (0.2ms)[0m   SELECT name
 FROM sqlite_master
 WHERE type = 'table' AND NOT name = 'sqlite_sequence'
  [1m[36mSQL (0.2ms)[0m  [1mSELECT "schema_migrations"."version" FROM "schema_migrations"[0m
  [1m[35mSQL (0.2ms)[0m  select sqlite_version(*)
  [1m[36mSQL (0.1ms)[0m  [1m SELECT name
 FROM sqlite_master
 WHERE type = 'table' AND NOT name = 'sqlite_sequence'
[0m
  [1m[35mSQL (69.7ms)[0m  CREATE TABLE "users" ("id" INTEGER PRIMARY KEY AUTOINCREMENT NOT NULL, "name" varchar(255), "email" varchar(255), "created_at" datetime, "updated_at" datetime) 
  [1m[36mSQL (0.2ms)[0m  [1m SELECT name
 FROM sqlite_master
 WHERE type = 'table' AND NOT name = 'sqlite_sequence'
[0m
  [1m[35mSQL (2.3ms)[0m  CREATE TABLE "schema_migrations" ("version" varchar(255) NOT NULL) 
  [1m[36mSQL (0.1ms)[0m  [1mPRAGMA index_list("schema_migrations")[0m
  [1m[35mSQL (2.8ms)[0m  CREATE UNIQUE INDEX "unique_schema_migrations" ON "schema_migrations" ("version")
  [1m[36mSQL (0.2ms)[0m  [1m SELECT name
 FROM sqlite_master
 WHERE type = 'table' AND NOT name = 'sqlite_sequence'
[0m
  [1m[35mSQL (0.1ms)[0m  SELECT version FROM "schema_migrations"
  [1m[36mSQL (2.0ms)[0m  [1mINSERT INTO "schema_migrations" (version) VALUES ('20110323161503')[0m


Started GET "/users" for 127.0.0.1 at 2011-03-23 18:20:53 +0200
  Processing by UsersController#index as HTML
  [1m[36mUser Load (0.6ms)[0m  [1mSELECT "users".* FROM "users"[0m
Rendered users/index.html.erb within layouts/application (3.5ms)
Completed 200 OK in 106ms (Views: 9.2ms | ActiveRecord: 0.6ms)


Started GET "/users/new" for 127.0.0.1 at 2011-03-23 18:21:19 +0200
  Processing by UsersController#new as HTML
Rendered users/_form.html.erb (13.6ms)
Rendered users/new.html.erb within layouts/application (18.6ms)
Completed 200 OK in 37ms (Views: 24.3ms | ActiveRecord: 0.0ms)


Started GET "/users" for 127.0.0.1 at 2011-03-23 18:21:22 +0200
  Processing by UsersController#index as HTML
  [1m[35mUser Load (0.5ms)[0m  SELECT "users".* FROM "users"
Rendered users/index.html.erb within layouts/application (3.4ms)
Completed 200 OK in 19ms (Views: 9.0ms | ActiveRecord: 0.5ms)


Started GET "/users/new" for 127.0.0.1 at 2011-03-23 18:21:25 +0200
  Processing by UsersController#new as HTML
Rendered users/_form.html.erb (8.4ms)
Rendered users/new.html.erb within layouts/application (12.9ms)
Completed 200 OK in 64ms (Views: 52.0ms | ActiveRecord: 0.0ms)


Started GET "/users" for 127.0.0.1 at 2011-03-23 18:21:26 +0200
  Processing by UsersController#index as HTML
  [1m[36mUser Load (0.4ms)[0m  [1mSELECT "users".* FROM "users"[0m
Rendered users/index.html.erb within layouts/application (3.2ms)
Completed 200 OK in 18ms (Views: 8.8ms | ActiveRecord: 0.4ms)


Started GET "/users/new" for 127.0.0.1 at 2011-03-23 18:21:31 +0200
  Processing by UsersController#new as HTML
Rendered users/_form.html.erb (8.3ms)
Rendered users/new.html.erb within layouts/application (12.7ms)
Completed 200 OK in 30ms (Views: 18.1ms | ActiveRecord: 0.0ms)


Started GET "/users" for 127.0.0.1 at 2011-03-23 18:21:34 +0200
  Processing by UsersController#index as HTML
  [1m[35mUser Load (0.4ms)[0m  SELECT "users".* FROM "users"
Rendered users/index.html.erb within layouts/application (3.5ms)
Completed 200 OK in 19ms (Views: 8.9ms | ActiveRecord: 0.4ms)
  [1m[36mSQL (0.6ms)[0m  [1m SELECT name
 FROM sqlite_master
 WHERE type = 'table' AND NOT name = 'sqlite_sequence'
[0m
  [1m[35mSQL (0.2ms)[0m   SELECT name
 FROM sqlite_master
 WHERE type = 'table' AND NOT name = 'sqlite_sequence'
  [1m[36mSQL (0.2ms)[0m  [1mSELECT "schema_migrations"."version" FROM "schema_migrations"[0m
Migrating to CreateUsers (20110323161503)
Migrating to CreateMicroposts (20110323164632)
  [1m[35mSQL (0.1ms)[0m  select sqlite_version(*)
  [1m[36mSQL (0.7ms)[0m  [1mCREATE TABLE "microposts" ("id" INTEGER PRIMARY KEY AUTOINCREMENT NOT NULL, "content" varchar(255), "user_id" integer, "created_at" datetime, "updated_at" datetime) [0m
  [1m[35mSQL (0.2ms)[0m  INSERT INTO "schema_migrations" ("version") VALUES ('20110323164632')
  [1m[36mSQL (0.3ms)[0m  [1m SELECT name
 FROM sqlite_master
 WHERE type = 'table' AND NOT name = 'sqlite_sequence'
[0m
  [1m[35mSQL (0.1ms)[0m  SELECT "schema_migrations"."version" FROM "schema_migrations"
  [1m[36mSQL (0.2ms)[0m  [1m SELECT name
 FROM sqlite_master
 WHERE type = 'table' AND NOT name = 'sqlite_sequence'
[0m
  [1m[35mSQL (0.0ms)[0m  PRAGMA index_list("microposts")
  [1m[36mSQL (0.0ms)[0m  [1mPRAGMA index_list("users")[0m


Started GET "/micropost" for 127.0.0.1 at 2011-03-23 18:48:20 +0200

ActionController::RoutingError (No route matches "/micropost"):
  

Rendered /Users/petrbazurin/.rvm/gems/ruby-1.9.2-p0@rails3tutorial/gems/actionpack-3.0.5/lib/action_dispatch/middleware/templates/rescues/routing_error.erb within rescues/layout (1.3ms)


Started GET "/microposts" for 127.0.0.1 at 2011-03-23 18:48:30 +0200
  Processing by MicropostsController#index as HTML
  [1m[36mMicropost Load (0.5ms)[0m  [1mSELECT "microposts".* FROM "microposts"[0m
Rendered microposts/index.html.erb within layouts/application (3.3ms)
Completed 200 OK in 19ms (Views: 9.8ms | ActiveRecord: 0.5ms)


Started GET "/users" for 127.0.0.1 at 2011-03-23 18:49:44 +0200
  Processing by UsersController#index as HTML
  [1m[35mUser Load (0.5ms)[0m  SELECT "users".* FROM "users"
Rendered users/index.html.erb within layouts/application (3.2ms)
Completed 200 OK in 19ms (Views: 9.3ms | ActiveRecord: 0.5ms)


Started GET "/users/2" for 127.0.0.1 at 2011-03-23 18:49:56 +0200
  Processing by UsersController#show as HTML
  Parameters: {"id"=>"2"}
  [1m[36mSQL (0.5ms)[0m  [1m SELECT name
 FROM sqlite_master
 WHERE type = 'table' AND NOT name = 'sqlite_sequence'
[0m
  [1m[35mUser Load (0.2ms)[0m  SELECT "users".* FROM "users" WHERE "users"."id" = 2 LIMIT 1
Completed   in 13ms

ActiveRecord::RecordNotFound (Couldn't find User with ID=2):
  app/controllers/users_controller.rb:16:in `show'

Rendered /Users/petrbazurin/.rvm/gems/ruby-1.9.2-p0@rails3tutorial/gems/actionpack-3.0.5/lib/action_dispatch/middleware/templates/rescues/_trace.erb (38.8ms)
Rendered /Users/petrbazurin/.rvm/gems/ruby-1.9.2-p0@rails3tutorial/gems/actionpack-3.0.5/lib/action_dispatch/middleware/templates/rescues/_request_and_response.erb (3.9ms)
Rendered /Users/petrbazurin/.rvm/gems/ruby-1.9.2-p0@rails3tutorial/gems/actionpack-3.0.5/lib/action_dispatch/middleware/templates/rescues/diagnostics.erb within rescues/layout (49.8ms)


Started GET "/users/1" for 127.0.0.1 at 2011-03-23 18:50:02 +0200
  Processing by UsersController#show as HTML
  Parameters: {"id"=>"1"}
  [1m[36mUser Load (0.2ms)[0m  [1mSELECT "users".* FROM "users" WHERE "users"."id" = 1 LIMIT 1[0m
Completed   in 12ms

ActiveRecord::RecordNotFound (Couldn't find User with ID=1):
  app/controllers/users_controller.rb:16:in `show'

Rendered /Users/petrbazurin/.rvm/gems/ruby-1.9.2-p0@rails3tutorial/gems/actionpack-3.0.5/lib/action_dispatch/middleware/templates/rescues/_trace.erb (1.6ms)
Rendered /Users/petrbazurin/.rvm/gems/ruby-1.9.2-p0@rails3tutorial/gems/actionpack-3.0.5/lib/action_dispatch/middleware/templates/rescues/_request_and_response.erb (3.6ms)
Rendered /Users/petrbazurin/.rvm/gems/ruby-1.9.2-p0@rails3tutorial/gems/actionpack-3.0.5/lib/action_dispatch/middleware/templates/rescues/diagnostics.erb within rescues/layout (10.2ms)


Started GET "/users/new" for 127.0.0.1 at 2011-03-23 18:50:06 +0200
  Processing by UsersController#new as HTML
Rendered users/_form.html.erb (8.1ms)
Rendered users/new.html.erb within layouts/application (12.9ms)
Completed 200 OK in 31ms (Views: 19.1ms | ActiveRecord: 0.9ms)


Started POST "/users" for 127.0.0.1 at 2011-03-23 18:50:21 +0200
  Processing by UsersController#create as HTML
  Parameters: {"utf8"=>"✓", "authenticity_token"=>"OZirS5rosYowJpOBuOL58SzXB5zcneyzB4afczTfaqI=", "user"=>{"name"=>"user1", "email"=>"some mail 1"}, "commit"=>"Create User"}
  [1m[35mAREL (0.6ms)[0m  INSERT INTO "users" ("name", "email", "created_at", "updated_at") VALUES ('user1', 'some mail 1', '2011-03-23 16:50:21.583314', '2011-03-23 16:50:21.583314')
Redirected to http://localhost:3000/users/1
Completed 302 Found in 79ms


Started GET "/users/1" for 127.0.0.1 at 2011-03-23 18:50:21 +0200
  Processing by UsersController#show as HTML
  Parameters: {"id"=>"1"}
  [1m[36mUser Load (0.2ms)[0m  [1mSELECT "users".* FROM "users" WHERE "users"."id" = 1 LIMIT 1[0m
Rendered users/show.html.erb within layouts/application (11.2ms)
Completed 200 OK in 30ms (Views: 17.2ms | ActiveRecord: 0.8ms)


Started GET "/users/2" for 127.0.0.1 at 2011-03-23 18:50:26 +0200
  Processing by UsersController#show as HTML
  Parameters: {"id"=>"2"}
  [1m[35mUser Load (0.2ms)[0m  SELECT "users".* FROM "users" WHERE "users"."id" = 2 LIMIT 1
Completed   in 13ms

ActiveRecord::RecordNotFound (Couldn't find User with ID=2):
  app/controllers/users_controller.rb:16:in `show'

Rendered /Users/petrbazurin/.rvm/gems/ruby-1.9.2-p0@rails3tutorial/gems/actionpack-3.0.5/lib/action_dispatch/middleware/templates/rescues/_trace.erb (1.6ms)
Rendered /Users/petrbazurin/.rvm/gems/ruby-1.9.2-p0@rails3tutorial/gems/actionpack-3.0.5/lib/action_dispatch/middleware/templates/rescues/_request_and_response.erb (4.0ms)
Rendered /Users/petrbazurin/.rvm/gems/ruby-1.9.2-p0@rails3tutorial/gems/actionpack-3.0.5/lib/action_dispatch/middleware/templates/rescues/diagnostics.erb within rescues/layout (10.7ms)


Started GET "/users/new" for 127.0.0.1 at 2011-03-23 18:50:30 +0200
  Processing by UsersController#new as HTML
Rendered users/_form.html.erb (8.7ms)
Rendered users/new.html.erb within layouts/application (13.5ms)
Completed 200 OK in 31ms (Views: 19.2ms | ActiveRecord: 0.2ms)


Started GET "/users" for 127.0.0.1 at 2011-03-23 18:50:35 +0200
  Processing by UsersController#index as HTML
  [1m[36mUser Load (0.6ms)[0m  [1mSELECT "users".* FROM "users"[0m
Rendered users/index.html.erb within layouts/application (12.8ms)
Completed 200 OK in 28ms (Views: 18.4ms | ActiveRecord: 0.6ms)


Started GET "/users/new" for 127.0.0.1 at 2011-03-23 18:50:45 +0200
  Processing by UsersController#new as HTML
Rendered users/_form.html.erb (8.1ms)
Rendered users/new.html.erb within layouts/application (12.6ms)
Completed 200 OK in 30ms (Views: 18.2ms | ActiveRecord: 0.0ms)


Started POST "/users" for 127.0.0.1 at 2011-03-23 18:50:54 +0200
  Processing by UsersController#create as HTML
  Parameters: {"utf8"=>"✓", "authenticity_token"=>"OZirS5rosYowJpOBuOL58SzXB5zcneyzB4afczTfaqI=", "user"=>{"name"=>"user 2", "email"=>"some mail 2"}, "commit"=>"Create User"}
  [1m[35mAREL (0.5ms)[0m  INSERT INTO "users" ("name", "email", "created_at", "updated_at") VALUES ('user 2', 'some mail 2', '2011-03-23 16:50:54.811071', '2011-03-23 16:50:54.811071')
Redirected to http://localhost:3000/users/2
Completed 302 Found in 29ms


Started GET "/users/2" for 127.0.0.1 at 2011-03-23 18:50:54 +0200
  Processing by UsersController#show as HTML
  Parameters: {"id"=>"2"}
  [1m[36mUser Load (0.2ms)[0m  [1mSELECT "users".* FROM "users" WHERE "users"."id" = 2 LIMIT 1[0m
Rendered users/show.html.erb within layouts/application (10.8ms)
Completed 200 OK in 66ms (Views: 16.3ms | ActiveRecord: 0.7ms)


Started GET "/users" for 127.0.0.1 at 2011-03-23 18:50:58 +0200
  Processing by UsersController#index as HTML
  [1m[35mUser Load (0.5ms)[0m  SELECT "users".* FROM "users"
Rendered users/index.html.erb within layouts/application (14.1ms)
Completed 200 OK in 30ms (Views: 19.7ms | ActiveRecord: 0.5ms)


Started GET "/users/2/edit" for 127.0.0.1 at 2011-03-23 18:51:08 +0200
  Processing by UsersController#edit as HTML
  Parameters: {"id"=>"2"}
  [1m[36mUser Load (0.3ms)[0m  [1mSELECT "users".* FROM "users" WHERE "users"."id" = 2 LIMIT 1[0m
Rendered users/_form.html.erb (12.6ms)
Rendered users/edit.html.erb within layouts/application (17.7ms)
Completed 200 OK in 37ms (Views: 23.7ms | ActiveRecord: 0.3ms)


Started POST "/users/2" for 127.0.0.1 at 2011-03-23 18:51:14 +0200
  Processing by UsersController#update as HTML
  Parameters: {"utf8"=>"✓", "authenticity_token"=>"OZirS5rosYowJpOBuOL58SzXB5zcneyzB4afczTfaqI=", "user"=>{"name"=>"user2", "email"=>"some mail 2"}, "commit"=>"Update User", "id"=>"2"}
  [1m[35mUser Load (0.2ms)[0m  SELECT "users".* FROM "users" WHERE "users"."id" = 2 LIMIT 1
  [1m[36mAREL (0.5ms)[0m  [1mUPDATE "users" SET "name" = 'user2', "updated_at" = '2011-03-23 16:51:14.408254' WHERE "users"."id" = 2[0m
Redirected to http://localhost:3000/users/2
Completed 302 Found in 74ms


Started GET "/users/2" for 127.0.0.1 at 2011-03-23 18:51:14 +0200
  Processing by UsersController#show as HTML
  Parameters: {"id"=>"2"}
  [1m[35mUser Load (0.3ms)[0m  SELECT "users".* FROM "users" WHERE "users"."id" = 2 LIMIT 1
Rendered users/show.html.erb within layouts/application (10.8ms)
Completed 200 OK in 66ms (Views: 16.5ms | ActiveRecord: 1.0ms)


Started GET "/users" for 127.0.0.1 at 2011-03-23 18:51:17 +0200
  Processing by UsersController#index as HTML
  [1m[36mUser Load (0.5ms)[0m  [1mSELECT "users".* FROM "users"[0m
Rendered users/index.html.erb within layouts/application (13.6ms)
Completed 200 OK in 29ms (Views: 19.1ms | ActiveRecord: 0.5ms)


Started GET "/microposts" for 127.0.0.1 at 2011-03-23 18:51:24 +0200
  Processing by MicropostsController#index as HTML
  [1m[35mMicropost Load (0.5ms)[0m  SELECT "microposts".* FROM "microposts"
Rendered microposts/index.html.erb within layouts/application (3.2ms)
Completed 200 OK in 18ms (Views: 8.8ms | ActiveRecord: 0.5ms)


Started GET "/microposts/new" for 127.0.0.1 at 2011-03-23 18:51:30 +0200
  Processing by MicropostsController#new as HTML
Rendered microposts/_form.html.erb (8.5ms)
Rendered microposts/new.html.erb within layouts/application (13.4ms)
Completed 200 OK in 32ms (Views: 19.4ms | ActiveRecord: 0.0ms)


Started POST "/microposts" for 127.0.0.1 at 2011-03-23 18:52:11 +0200
  Processing by MicropostsController#create as HTML
  Parameters: {"utf8"=>"✓", "authenticity_token"=>"OZirS5rosYowJpOBuOL58SzXB5zcneyzB4afczTfaqI=", "micropost"=>{"content"=>"Some new Post", "user_id"=>"1"}, "commit"=>"Create Micropost"}
  [1m[36mAREL (0.5ms)[0m  [1mINSERT INTO "microposts" ("content", "user_id", "created_at", "updated_at") VALUES ('Some new Post', 1, '2011-03-23 16:52:11.917692', '2011-03-23 16:52:11.917692')[0m
Redirected to http://localhost:3000/microposts/1
Completed 302 Found in 65ms


Started GET "/microposts/1" for 127.0.0.1 at 2011-03-23 18:52:11 +0200
  Processing by MicropostsController#show as HTML
  Parameters: {"id"=>"1"}
  [1m[35mMicropost Load (0.2ms)[0m  SELECT "microposts".* FROM "microposts" WHERE "microposts"."id" = 1 LIMIT 1
Rendered microposts/show.html.erb within layouts/application (11.1ms)
Completed 200 OK in 66ms (Views: 17.0ms | ActiveRecord: 0.8ms)


Started GET "/microposts" for 127.0.0.1 at 2011-03-23 18:52:14 +0200
  Processing by MicropostsController#index as HTML
  [1m[36mMicropost Load (0.5ms)[0m  [1mSELECT "microposts".* FROM "microposts"[0m
Rendered microposts/index.html.erb within layouts/application (12.4ms)
Completed 200 OK in 28ms (Views: 17.9ms | ActiveRecord: 0.5ms)


Started GET "/microposts/new" for 127.0.0.1 at 2011-03-23 18:52:19 +0200
  Processing by MicropostsController#new as HTML
Rendered microposts/_form.html.erb (8.5ms)
Rendered microposts/new.html.erb within layouts/application (13.1ms)
Completed 200 OK in 31ms (Views: 18.8ms | ActiveRecord: 0.0ms)


Started POST "/microposts" for 127.0.0.1 at 2011-03-23 18:52:27 +0200
  Processing by MicropostsController#create as HTML
  Parameters: {"utf8"=>"✓", "authenticity_token"=>"OZirS5rosYowJpOBuOL58SzXB5zcneyzB4afczTfaqI=", "micropost"=>{"content"=>"Another post", "user_id"=>"1"}, "commit"=>"Create Micropost"}
  [1m[35mAREL (0.5ms)[0m  INSERT INTO "microposts" ("content", "user_id", "created_at", "updated_at") VALUES ('Another post', 1, '2011-03-23 16:52:27.396715', '2011-03-23 16:52:27.396715')
Redirected to http://localhost:3000/microposts/2
Completed 302 Found in 63ms


Started GET "/microposts/2" for 127.0.0.1 at 2011-03-23 18:52:27 +0200
  Processing by MicropostsController#show as HTML
  Parameters: {"id"=>"2"}
  [1m[36mMicropost Load (0.3ms)[0m  [1mSELECT "microposts".* FROM "microposts" WHERE "microposts"."id" = 2 LIMIT 1[0m
Rendered microposts/show.html.erb within layouts/application (11.0ms)
Completed 200 OK in 65ms (Views: 16.6ms | ActiveRecord: 0.8ms)


Started GET "/microposts" for 127.0.0.1 at 2011-03-23 18:52:29 +0200
  Processing by MicropostsController#index as HTML
  [1m[35mMicropost Load (0.6ms)[0m  SELECT "microposts".* FROM "microposts"
Rendered microposts/index.html.erb within layouts/application (14.3ms)
Completed 200 OK in 30ms (Views: 20.0ms | ActiveRecord: 0.6ms)


Started GET "/microposts/1/edit" for 127.0.0.1 at 2011-03-23 18:54:47 +0200
  Processing by MicropostsController#edit as HTML
  Parameters: {"id"=>"1"}
  [1m[36mMicropost Load (0.2ms)[0m  [1mSELECT "microposts".* FROM "microposts" WHERE "microposts"."id" = 1 LIMIT 1[0m
Rendered microposts/_form.html.erb (12.4ms)
Rendered microposts/edit.html.erb within layouts/application (17.7ms)
Completed 200 OK in 37ms (Views: 23.6ms | ActiveRecord: 0.2ms)


Started POST "/microposts/1" for 127.0.0.1 at 2011-03-23 18:54:56 +0200
  Processing by MicropostsController#update as HTML
  Parameters: {"utf8"=>"✓", "authenticity_token"=>"OZirS5rosYowJpOBuOL58SzXB5zcneyzB4afczTfaqI=", "micropost"=>{"content"=>"Some new Post SDFSFJ SDFH SKDFJHSKJFH KSJDFHKJSDHFKJSHFEH DHFJKSDHFKJHKJ hsdfh sfjkhe dfhselfhsef", "user_id"=>"1"}, "commit"=>"Update Micropost", "id"=>"1"}
  [1m[35mMicropost Load (0.2ms)[0m  SELECT "microposts".* FROM "microposts" WHERE "microposts"."id" = 1 LIMIT 1
  [1m[36mAREL (0.5ms)[0m  [1mUPDATE "microposts" SET "content" = 'Some new Post SDFSFJ SDFH SKDFJHSKJFH KSJDFHKJSDHFKJSHFEH DHFJKSDHFKJHKJ hsdfh sfjkhe dfhselfhsef', "updated_at" = '2011-03-23 16:54:56.187405' WHERE "microposts"."id" = 1[0m
Redirected to http://localhost:3000/microposts/1
Completed 302 Found in 28ms


Started GET "/microposts/1" for 127.0.0.1 at 2011-03-23 18:54:56 +0200
  Processing by MicropostsController#show as HTML
  Parameters: {"id"=>"1"}
  [1m[35mMicropost Load (0.3ms)[0m  SELECT "microposts".* FROM "microposts" WHERE "microposts"."id" = 1 LIMIT 1
Rendered microposts/show.html.erb within layouts/application (11.2ms)
Completed 200 OK in 68ms (Views: 16.8ms | ActiveRecord: 1.0ms)


Started GET "/microposts/1/edit" for 127.0.0.1 at 2011-03-23 18:55:50 +0200
  Processing by MicropostsController#edit as HTML
  Parameters: {"id"=>"1"}
  [1m[36mMicropost Load (0.2ms)[0m  [1mSELECT "microposts".* FROM "microposts" WHERE "microposts"."id" = 1 LIMIT 1[0m
Rendered microposts/_form.html.erb (12.8ms)
Rendered microposts/edit.html.erb within layouts/application (18.0ms)
Completed 200 OK in 37ms (Views: 23.6ms | ActiveRecord: 0.2ms)


Started POST "/microposts/1" for 127.0.0.1 at 2011-03-23 18:56:04 +0200
  Processing by MicropostsController#update as HTML
  Parameters: {"utf8"=>"✓", "authenticity_token"=>"OZirS5rosYowJpOBuOL58SzXB5zcneyzB4afczTfaqI=", "micropost"=>{"content"=>"Ssssssssssssssssssssssssssssssssssssssssssssssssssssssssssssssssssssssssssssssssssssssssssssssssssssssssssssssssssssss", "user_id"=>"1"}, "commit"=>"Update Micropost", "id"=>"1"}
  [1m[35mMicropost Load (0.2ms)[0m  SELECT "microposts".* FROM "microposts" WHERE "microposts"."id" = 1 LIMIT 1
  [1m[36mAREL (0.5ms)[0m  [1mUPDATE "microposts" SET "content" = 'Ssssssssssssssssssssssssssssssssssssssssssssssssssssssssssssssssssssssssssssssssssssssssssssssssssssssssssssssssssssss', "updated_at" = '2011-03-23 16:56:04.666517' WHERE "microposts"."id" = 1[0m
Redirected to http://localhost:3000/microposts/1
Completed 302 Found in 62ms


Started GET "/microposts/1" for 127.0.0.1 at 2011-03-23 18:56:04 +0200
  Processing by MicropostsController#show as HTML
  Parameters: {"id"=>"1"}
  [1m[35mMicropost Load (0.2ms)[0m  SELECT "microposts".* FROM "microposts" WHERE "microposts"."id" = 1 LIMIT 1
Rendered microposts/show.html.erb within layouts/application (10.6ms)
Completed 200 OK in 29ms (Views: 16.2ms | ActiveRecord: 0.9ms)


Started GET "/microposts/1/edit" for 127.0.0.1 at 2011-03-23 18:56:41 +0200
  Processing by MicropostsController#edit as HTML
  Parameters: {"id"=>"1"}
  [1m[36mMicropost Load (0.3ms)[0m  [1mSELECT "microposts".* FROM "microposts" WHERE "microposts"."id" = 1 LIMIT 1[0m
Rendered microposts/_form.html.erb (12.6ms)
Rendered microposts/edit.html.erb within layouts/application (18.3ms)
Completed 200 OK in 38ms (Views: 24.4ms | ActiveRecord: 0.3ms)


Started POST "/microposts/1" for 127.0.0.1 at 2011-03-23 18:56:43 +0200
  Processing by MicropostsController#update as HTML
  Parameters: {"utf8"=>"✓", "authenticity_token"=>"OZirS5rosYowJpOBuOL58SzXB5zcneyzB4afczTfaqI=", "micropost"=>{"content"=>"Ssssssssssssssssssssssssssssssssssssssssssssssssssssssssssssssssssssssssssssssssssssssssssssssssssssssssssssssssssssss", "user_id"=>"1"}, "commit"=>"Update Micropost", "id"=>"1"}
  [1m[35mMicropost Load (0.2ms)[0m  SELECT "microposts".* FROM "microposts" WHERE "microposts"."id" = 1 LIMIT 1
Rendered microposts/_form.html.erb (5.6ms)
Rendered microposts/edit.html.erb within layouts/application (10.7ms)
Completed 200 OK in 40ms (Views: 16.5ms | ActiveRecord: 0.2ms)


Started POST "/microposts/1" for 127.0.0.1 at 2011-03-23 18:57:59 +0200
  Processing by MicropostsController#update as HTML
  Parameters: {"utf8"=>"✓", "authenticity_token"=>"OZirS5rosYowJpOBuOL58SzXB5zcneyzB4afczTfaqI=", "micropost"=>{"content"=>"Some new Post", "user_id"=>"1"}, "commit"=>"Update Micropost", "id"=>"1"}
  [1m[36mMicropost Load (0.2ms)[0m  [1mSELECT "microposts".* FROM "microposts" WHERE "microposts"."id" = 1 LIMIT 1[0m
  [1m[35mAREL (0.5ms)[0m  UPDATE "microposts" SET "content" = 'Some new Post', "updated_at" = '2011-03-23 16:57:59.716282' WHERE "microposts"."id" = 1
Redirected to http://localhost:3000/microposts/1
Completed 302 Found in 296ms


Started GET "/microposts/1" for 127.0.0.1 at 2011-03-23 18:57:59 +0200
  Processing by MicropostsController#show as HTML
  Parameters: {"id"=>"1"}
  [1m[36mMicropost Load (0.2ms)[0m  [1mSELECT "microposts".* FROM "microposts" WHERE "microposts"."id" = 1 LIMIT 1[0m
Rendered microposts/show.html.erb within layouts/application (10.8ms)
Completed 200 OK in 31ms (Views: 16.9ms | ActiveRecord: 1.0ms)
  [1m[36mUser Load (0.7ms)[0m  [1mSELECT "users".* FROM "users" LIMIT 1[0m
  [1m[35mUser Load (0.4ms)[0m  SELECT "users".* FROM "users" LIMIT 1
  [1m[36mMicropost Load (0.3ms)[0m  [1mSELECT "microposts".* FROM "microposts" WHERE ("microposts".user_id = 1)[0m
